<?xml version="1.0" encoding="UTF-8"?>
<!-- Generated by org.testng.reporters.JUnitReportReporter -->
<testsuite hostname="LAPTOP-KEFALAS" failures="0" tests="1" name="uk.co.automationtesting.AddRemoveItemBasketTest" time="16.197" errors="0" timestamp="2023-06-29T08:06:01 CEST" skipped="0">
  <testcase classname="uk.co.automationtesting.AddRemoveItemBasketTest" name="addRemoveItem" time="16.197"/>
</testsuite> <!-- uk.co.automationtesting.AddRemoveItemBasketTest -->
